{"uuid":"a4d5e7fc-fc9b-4eb8-a99c-80c9c8f8bfcf","name":"seleniumtest.mytest","children":["8f423a1d-a48c-491e-89da-a83aa144bfd0","23a3aac4-8fab-4072-942f-240546e466db"],"befores":[{"name":"setUp","status":"passed","stage":"finished","description":"","steps":[],"attachments":[],"parameters":[],"start":1554083804750,"stop":1554083810237}],"afters":[{"name":"tearDown","status":"broken","statusDetails":{"known":false,"muted":false,"flaky":false,"message":"Cannot run program \"allure\": error=2, No such file or directory","trace":"java.io.IOException: Cannot run program \"allure\": error=2, No such file or directory\n\tat java.lang.ProcessBuilder.start(ProcessBuilder.java:1048)\n\tat java.lang.Runtime.exec(Runtime.java:620)\n\tat java.lang.Runtime.exec(Runtime.java:450)\n\tat java.lang.Runtime.exec(Runtime.java:347)\n\tat seleniumtest.mytest.tearDown(mytest.java:70)\n\tat sun.reflect.NativeMethodAccessorImpl.invoke0(Native Method)\n\tat sun.reflect.NativeMethodAccessorImpl.invoke(NativeMethodAccessorImpl.java:62)\n\tat sun.reflect.DelegatingMethodAccessorImpl.invoke(DelegatingMethodAccessorImpl.java:43)\n\tat java.lang.reflect.Method.invoke(Method.java:498)\n\tat org.testng.internal.MethodInvocationHelper.invokeMethod(MethodInvocationHelper.java:85)\n\tat org.testng.internal.Invoker.invokeConfigurationMethod(Invoker.java:510)\n\tat org.testng.internal.Invoker.invokeConfigurations(Invoker.java:211)\n\tat org.testng.internal.Invoker.invokeConfigurations(Invoker.java:138)\n\tat org.testng.internal.TestMethodWorker.invokeAfterClassMethods(TestMethodWorker.java:220)\n\tat org.testng.internal.TestMethodWorker.run(TestMethodWorker.java:111)\n\tat org.testng.TestRunner.privateRun(TestRunner.java:774)\n\tat org.testng.TestRunner.run(TestRunner.java:624)\n\tat org.testng.SuiteRunner.runTest(SuiteRunner.java:359)\n\tat org.testng.SuiteRunner.runSequentially(SuiteRunner.java:354)\n\tat org.testng.SuiteRunner.privateRun(SuiteRunner.java:312)\n\tat org.testng.SuiteRunner.run(SuiteRunner.java:261)\n\tat org.testng.SuiteRunnerWorker.runSuite(SuiteRunnerWorker.java:52)\n\tat org.testng.SuiteRunnerWorker.run(SuiteRunnerWorker.java:86)\n\tat org.testng.TestNG.runSuitesSequentially(TestNG.java:1215)\n\tat org.testng.TestNG.runSuitesLocally(TestNG.java:1140)\n\tat org.testng.TestNG.run(TestNG.java:1048)\n\tat org.testng.remote.AbstractRemoteTestNG.run(AbstractRemoteTestNG.java:115)\n\tat org.testng.remote.RemoteTestNG.initAndRun(RemoteTestNG.java:251)\n\tat org.testng.remote.RemoteTestNG.main(RemoteTestNG.java:77)\nCaused by: java.io.IOException: error=2, No such file or directory\n\tat java.lang.UNIXProcess.forkAndExec(Native Method)\n\tat java.lang.UNIXProcess.<init>(UNIXProcess.java:247)\n\tat java.lang.ProcessImpl.start(ProcessImpl.java:134)\n\tat java.lang.ProcessBuilder.start(ProcessBuilder.java:1029)\n\t... 28 more\n"},"stage":"finished","description":"","steps":[],"attachments":[],"parameters":[],"start":1554083823960,"stop":1554083823970}],"links":[],"start":1554083804738,"stop":1554083824053}