{"uuid":"f42ccc36-803d-4426-abd2-e0bb7fc52d79","name":"seleniumtest.mytest","children":["07aa7993-de68-4438-bdec-fa3748a97641","4ac40204-14ff-4ac1-9111-596e17a5beca"],"befores":[{"name":"setUp","status":"passed","stage":"finished","description":"","steps":[],"attachments":[],"parameters":[],"start":1554083872339,"stop":1554083877838}],"afters":[{"name":"tearDown","status":"broken","statusDetails":{"known":false,"muted":false,"flaky":false,"message":"Cannot run program \"allure\": error=2, No such file or directory","trace":"java.io.IOException: Cannot run program \"allure\": error=2, No such file or directory\n\tat java.lang.ProcessBuilder.start(ProcessBuilder.java:1048)\n\tat java.lang.Runtime.exec(Runtime.java:620)\n\tat java.lang.Runtime.exec(Runtime.java:450)\n\tat java.lang.Runtime.exec(Runtime.java:347)\n\tat seleniumtest.mytest.tearDown(mytest.java:70)\n\tat sun.reflect.NativeMethodAccessorImpl.invoke0(Native Method)\n\tat sun.reflect.NativeMethodAccessorImpl.invoke(NativeMethodAccessorImpl.java:62)\n\tat sun.reflect.DelegatingMethodAccessorImpl.invoke(DelegatingMethodAccessorImpl.java:43)\n\tat java.lang.reflect.Method.invoke(Method.java:498)\n\tat org.testng.internal.MethodInvocationHelper.invokeMethod(MethodInvocationHelper.java:85)\n\tat org.testng.internal.Invoker.invokeConfigurationMethod(Invoker.java:510)\n\tat org.testng.internal.Invoker.invokeConfigurations(Invoker.java:211)\n\tat org.testng.internal.Invoker.invokeConfigurations(Invoker.java:138)\n\tat org.testng.internal.TestMethodWorker.invokeAfterClassMethods(TestMethodWorker.java:220)\n\tat org.testng.internal.TestMethodWorker.run(TestMethodWorker.java:111)\n\tat org.testng.TestRunner.privateRun(TestRunner.java:774)\n\tat org.testng.TestRunner.run(TestRunner.java:624)\n\tat org.testng.SuiteRunner.runTest(SuiteRunner.java:359)\n\tat org.testng.SuiteRunner.runSequentially(SuiteRunner.java:354)\n\tat org.testng.SuiteRunner.privateRun(SuiteRunner.java:312)\n\tat org.testng.SuiteRunner.run(SuiteRunner.java:261)\n\tat org.testng.SuiteRunnerWorker.runSuite(SuiteRunnerWorker.java:52)\n\tat org.testng.SuiteRunnerWorker.run(SuiteRunnerWorker.java:86)\n\tat org.testng.TestNG.runSuitesSequentially(TestNG.java:1215)\n\tat org.testng.TestNG.runSuitesLocally(TestNG.java:1140)\n\tat org.testng.TestNG.run(TestNG.java:1048)\n\tat org.testng.remote.AbstractRemoteTestNG.run(AbstractRemoteTestNG.java:115)\n\tat org.testng.remote.RemoteTestNG.initAndRun(RemoteTestNG.java:251)\n\tat org.testng.remote.RemoteTestNG.main(RemoteTestNG.java:77)\nCaused by: java.io.IOException: error=2, No such file or directory\n\tat java.lang.UNIXProcess.forkAndExec(Native Method)\n\tat java.lang.UNIXProcess.<init>(UNIXProcess.java:247)\n\tat java.lang.ProcessImpl.start(ProcessImpl.java:134)\n\tat java.lang.ProcessBuilder.start(ProcessBuilder.java:1029)\n\t... 28 more\n"},"stage":"finished","description":"","steps":[],"attachments":[],"parameters":[],"start":1554083890313,"stop":1554083890317}],"links":[],"start":1554083872328,"stop":1554083890349}